============================================================
  Generated by:           Genus(TM) Synthesis Solution 19.14-s110_1
  Generated on:           Oct 20 2021  08:17:11 pm
  Module:                 top
  Technology library:     sky130_fd_sc_hd__tt_025C_1v80 1.0000000000
  Operating conditions:   tt_025C_1v80 (balanced_tree)
  Wireload mode:          top
  Area mode:              timing library
============================================================

                                                  
           Gate             Instances     Area                 Library             
-----------------------------------------------------------------------------------
sky130_fd_sc_hd__a211o_1            2      17.517    sky130_fd_sc_hd__tt_025C_1v80 
sky130_fd_sc_hd__a211oi_1          25     187.680    sky130_fd_sc_hd__tt_025C_1v80 
sky130_fd_sc_hd__a21bo_1            4      40.038    sky130_fd_sc_hd__tt_025C_1v80 
sky130_fd_sc_hd__a21bo_2            2      20.019    sky130_fd_sc_hd__tt_025C_1v80 
sky130_fd_sc_hd__a21boi_0           7      52.550    sky130_fd_sc_hd__tt_025C_1v80 
sky130_fd_sc_hd__a21boi_1          42     315.302    sky130_fd_sc_hd__tt_025C_1v80 
sky130_fd_sc_hd__a21boi_2           2      22.522    sky130_fd_sc_hd__tt_025C_1v80 
sky130_fd_sc_hd__a21o_1           312    2342.246    sky130_fd_sc_hd__tt_025C_1v80 
sky130_fd_sc_hd__a21o_2             3      26.275    sky130_fd_sc_hd__tt_025C_1v80 
sky130_fd_sc_hd__a21o_4             1      15.014    sky130_fd_sc_hd__tt_025C_1v80 
sky130_fd_sc_hd__a21oi_1         1727    8643.290    sky130_fd_sc_hd__tt_025C_1v80 
sky130_fd_sc_hd__a21oi_2           29     253.994    sky130_fd_sc_hd__tt_025C_1v80 
sky130_fd_sc_hd__a21oi_4            1      16.266    sky130_fd_sc_hd__tt_025C_1v80 
sky130_fd_sc_hd__a221o_1          216    2162.074    sky130_fd_sc_hd__tt_025C_1v80 
sky130_fd_sc_hd__a221oi_1         349    3056.682    sky130_fd_sc_hd__tt_025C_1v80 
sky130_fd_sc_hd__a221oi_2           3      45.043    sky130_fd_sc_hd__tt_025C_1v80 
sky130_fd_sc_hd__a222oi_1         301    3012.890    sky130_fd_sc_hd__tt_025C_1v80 
sky130_fd_sc_hd__a22o_1           289    2531.178    sky130_fd_sc_hd__tt_025C_1v80 
sky130_fd_sc_hd__a22o_2            10     100.096    sky130_fd_sc_hd__tt_025C_1v80 
sky130_fd_sc_hd__a22o_4             2      35.034    sky130_fd_sc_hd__tt_025C_1v80 
sky130_fd_sc_hd__a22oi_1          513    3851.194    sky130_fd_sc_hd__tt_025C_1v80 
sky130_fd_sc_hd__a22oi_2            9     112.608    sky130_fd_sc_hd__tt_025C_1v80 
sky130_fd_sc_hd__a2bb2o_1           2      20.019    sky130_fd_sc_hd__tt_025C_1v80 
sky130_fd_sc_hd__a2bb2oi_1        113     989.699    sky130_fd_sc_hd__tt_025C_1v80 
sky130_fd_sc_hd__a2bb2oi_2          3      45.043    sky130_fd_sc_hd__tt_025C_1v80 
sky130_fd_sc_hd__a311o_1            2      20.019    sky130_fd_sc_hd__tt_025C_1v80 
sky130_fd_sc_hd__a31o_1             1       8.758    sky130_fd_sc_hd__tt_025C_1v80 
sky130_fd_sc_hd__a31o_2             1       8.758    sky130_fd_sc_hd__tt_025C_1v80 
sky130_fd_sc_hd__a31oi_1           43     269.008    sky130_fd_sc_hd__tt_025C_1v80 
sky130_fd_sc_hd__a32o_1            10     100.096    sky130_fd_sc_hd__tt_025C_1v80 
sky130_fd_sc_hd__a32oi_1           17     148.893    sky130_fd_sc_hd__tt_025C_1v80 
sky130_fd_sc_hd__a41o_1             1      10.010    sky130_fd_sc_hd__tt_025C_1v80 
sky130_fd_sc_hd__and2_0           141     882.096    sky130_fd_sc_hd__tt_025C_1v80 
sky130_fd_sc_hd__and2_1           237    1482.672    sky130_fd_sc_hd__tt_025C_1v80 
sky130_fd_sc_hd__and2_2            25     187.680    sky130_fd_sc_hd__tt_025C_1v80 
sky130_fd_sc_hd__and2_4           102     893.357    sky130_fd_sc_hd__tt_025C_1v80 
sky130_fd_sc_hd__and2b_1            5      37.536    sky130_fd_sc_hd__tt_025C_1v80 
sky130_fd_sc_hd__and2b_4            5      50.048    sky130_fd_sc_hd__tt_025C_1v80 
sky130_fd_sc_hd__and3_1            98     613.088    sky130_fd_sc_hd__tt_025C_1v80 
sky130_fd_sc_hd__and3_2             7      52.550    sky130_fd_sc_hd__tt_025C_1v80 
sky130_fd_sc_hd__and3_4            11     123.869    sky130_fd_sc_hd__tt_025C_1v80 
sky130_fd_sc_hd__and3b_1           18     157.651    sky130_fd_sc_hd__tt_025C_1v80 
sky130_fd_sc_hd__and3b_2            2      20.019    sky130_fd_sc_hd__tt_025C_1v80 
sky130_fd_sc_hd__and4_1            27     236.477    sky130_fd_sc_hd__tt_025C_1v80 
sky130_fd_sc_hd__and4_4             2      22.522    sky130_fd_sc_hd__tt_025C_1v80 
sky130_fd_sc_hd__and4b_1            6      60.058    sky130_fd_sc_hd__tt_025C_1v80 
sky130_fd_sc_hd__buf_1             87     326.563    sky130_fd_sc_hd__tt_025C_1v80 
sky130_fd_sc_hd__buf_12             1      20.019    sky130_fd_sc_hd__tt_025C_1v80 
sky130_fd_sc_hd__buf_2             58     290.278    sky130_fd_sc_hd__tt_025C_1v80 
sky130_fd_sc_hd__buf_4              8      60.058    sky130_fd_sc_hd__tt_025C_1v80 
sky130_fd_sc_hd__buf_6             13     146.390    sky130_fd_sc_hd__tt_025C_1v80 
sky130_fd_sc_hd__buf_8              6      90.086    sky130_fd_sc_hd__tt_025C_1v80 
sky130_fd_sc_hd__bufbuf_16          1      32.531    sky130_fd_sc_hd__tt_025C_1v80 
sky130_fd_sc_hd__bufinv_8           1      17.517    sky130_fd_sc_hd__tt_025C_1v80 
sky130_fd_sc_hd__clkbuf_1         113     424.157    sky130_fd_sc_hd__tt_025C_1v80 
sky130_fd_sc_hd__clkbuf_2          27     135.130    sky130_fd_sc_hd__tt_025C_1v80 
sky130_fd_sc_hd__clkinv_1         489    1835.510    sky130_fd_sc_hd__tt_025C_1v80 
sky130_fd_sc_hd__clkinv_16          1      30.029    sky130_fd_sc_hd__tt_025C_1v80 
sky130_fd_sc_hd__clkinv_2          48     240.230    sky130_fd_sc_hd__tt_025C_1v80 
sky130_fd_sc_hd__clkinv_4          28     245.235    sky130_fd_sc_hd__tt_025C_1v80 
sky130_fd_sc_hd__clkinv_8           5      81.328    sky130_fd_sc_hd__tt_025C_1v80 
sky130_fd_sc_hd__dfrbp_1            3      86.333    sky130_fd_sc_hd__tt_025C_1v80 
sky130_fd_sc_hd__dfrtp_1         1917   47971.008    sky130_fd_sc_hd__tt_025C_1v80 
sky130_fd_sc_hd__dfrtp_2            2      52.550    sky130_fd_sc_hd__tt_025C_1v80 
sky130_fd_sc_hd__dfsbp_1            1      28.778    sky130_fd_sc_hd__tt_025C_1v80 
sky130_fd_sc_hd__dfstp_2            3      78.826    sky130_fd_sc_hd__tt_025C_1v80 
sky130_fd_sc_hd__dlxtn_1          630    9459.072    sky130_fd_sc_hd__tt_025C_1v80 
sky130_fd_sc_hd__dlxtp_1          283    4249.075    sky130_fd_sc_hd__tt_025C_1v80 
sky130_fd_sc_hd__fa_1             416    8327.987    sky130_fd_sc_hd__tt_025C_1v80 
sky130_fd_sc_hd__fa_2              21     472.954    sky130_fd_sc_hd__tt_025C_1v80 
sky130_fd_sc_hd__fah_1             12     405.389    sky130_fd_sc_hd__tt_025C_1v80 
sky130_fd_sc_hd__ha_1             179    2239.648    sky130_fd_sc_hd__tt_025C_1v80 
sky130_fd_sc_hd__ha_2               1      15.014    sky130_fd_sc_hd__tt_025C_1v80 
sky130_fd_sc_hd__inv_1           1526    5727.994    sky130_fd_sc_hd__tt_025C_1v80 
sky130_fd_sc_hd__inv_12             1      16.266    sky130_fd_sc_hd__tt_025C_1v80 
sky130_fd_sc_hd__inv_2           1685    6324.816    sky130_fd_sc_hd__tt_025C_1v80 
sky130_fd_sc_hd__inv_4            238    1488.928    sky130_fd_sc_hd__tt_025C_1v80 
sky130_fd_sc_hd__inv_6             43     376.611    sky130_fd_sc_hd__tt_025C_1v80 
sky130_fd_sc_hd__inv_8             29     326.563    sky130_fd_sc_hd__tt_025C_1v80 
sky130_fd_sc_hd__maj3_1           147    1471.411    sky130_fd_sc_hd__tt_025C_1v80 
sky130_fd_sc_hd__maj3_2            90    1013.472    sky130_fd_sc_hd__tt_025C_1v80 
sky130_fd_sc_hd__mux2_1             3      33.782    sky130_fd_sc_hd__tt_025C_1v80 
sky130_fd_sc_hd__mux2_2             4      45.043    sky130_fd_sc_hd__tt_025C_1v80 
sky130_fd_sc_hd__mux2i_1           66     660.634    sky130_fd_sc_hd__tt_025C_1v80 
sky130_fd_sc_hd__mux2i_2            1      13.763    sky130_fd_sc_hd__tt_025C_1v80 
sky130_fd_sc_hd__nand2_1         7277   27314.947    sky130_fd_sc_hd__tt_025C_1v80 
sky130_fd_sc_hd__nand2_2          301    1883.056    sky130_fd_sc_hd__tt_025C_1v80 
sky130_fd_sc_hd__nand2_4          103    1159.862    sky130_fd_sc_hd__tt_025C_1v80 
sky130_fd_sc_hd__nand2_8           28     560.538    sky130_fd_sc_hd__tt_025C_1v80 
sky130_fd_sc_hd__nand2b_1         851    5323.856    sky130_fd_sc_hd__tt_025C_1v80 
sky130_fd_sc_hd__nand2b_2          12     105.101    sky130_fd_sc_hd__tt_025C_1v80 
sky130_fd_sc_hd__nand2b_4          19     261.501    sky130_fd_sc_hd__tt_025C_1v80 
sky130_fd_sc_hd__nand3_1          561    2807.693    sky130_fd_sc_hd__tt_025C_1v80 
sky130_fd_sc_hd__nand3_2           37     370.355    sky130_fd_sc_hd__tt_025C_1v80 
sky130_fd_sc_hd__nand3_4            3      52.550    sky130_fd_sc_hd__tt_025C_1v80 
sky130_fd_sc_hd__nand3b_1         101     758.227    sky130_fd_sc_hd__tt_025C_1v80 
sky130_fd_sc_hd__nand3b_2           2      22.522    sky130_fd_sc_hd__tt_025C_1v80 
sky130_fd_sc_hd__nand3b_4           2      40.038    sky130_fd_sc_hd__tt_025C_1v80 
sky130_fd_sc_hd__nand4_1          194    1213.664    sky130_fd_sc_hd__tt_025C_1v80 
sky130_fd_sc_hd__nand4_2            7      87.584    sky130_fd_sc_hd__tt_025C_1v80 
sky130_fd_sc_hd__nand4b_1          23     201.443    sky130_fd_sc_hd__tt_025C_1v80 
sky130_fd_sc_hd__nand4bb_1          3      33.782    sky130_fd_sc_hd__tt_025C_1v80 
sky130_fd_sc_hd__nor2_1          1720    6456.192    sky130_fd_sc_hd__tt_025C_1v80 
sky130_fd_sc_hd__nor2_2            85     531.760    sky130_fd_sc_hd__tt_025C_1v80 
sky130_fd_sc_hd__nor2_4             4      45.043    sky130_fd_sc_hd__tt_025C_1v80 
sky130_fd_sc_hd__nor2b_1          356    2227.136    sky130_fd_sc_hd__tt_025C_1v80 
sky130_fd_sc_hd__nor2b_2            5      43.792    sky130_fd_sc_hd__tt_025C_1v80 
sky130_fd_sc_hd__nor2b_4            1      13.763    sky130_fd_sc_hd__tt_025C_1v80 
sky130_fd_sc_hd__nor3_1           102     510.490    sky130_fd_sc_hd__tt_025C_1v80 
sky130_fd_sc_hd__nor3_2             1      10.010    sky130_fd_sc_hd__tt_025C_1v80 
sky130_fd_sc_hd__nor3b_1           27     202.694    sky130_fd_sc_hd__tt_025C_1v80 
sky130_fd_sc_hd__nor4_1           124     775.744    sky130_fd_sc_hd__tt_025C_1v80 
sky130_fd_sc_hd__nor4b_1            6      52.550    sky130_fd_sc_hd__tt_025C_1v80 
sky130_fd_sc_hd__nor4bb_1           2      20.019    sky130_fd_sc_hd__tt_025C_1v80 
sky130_fd_sc_hd__o2111a_1           5      56.304    sky130_fd_sc_hd__tt_025C_1v80 
sky130_fd_sc_hd__o2111ai_1         46     402.886    sky130_fd_sc_hd__tt_025C_1v80 
sky130_fd_sc_hd__o211a_1           31     310.298    sky130_fd_sc_hd__tt_025C_1v80 
sky130_fd_sc_hd__o211a_2            1      10.010    sky130_fd_sc_hd__tt_025C_1v80 
sky130_fd_sc_hd__o211ai_1          69     517.997    sky130_fd_sc_hd__tt_025C_1v80 
sky130_fd_sc_hd__o211ai_2           1      12.512    sky130_fd_sc_hd__tt_025C_1v80 
sky130_fd_sc_hd__o21a_1           627    4707.014    sky130_fd_sc_hd__tt_025C_1v80 
sky130_fd_sc_hd__o21a_2            14     122.618    sky130_fd_sc_hd__tt_025C_1v80 
sky130_fd_sc_hd__o21a_4             4      60.058    sky130_fd_sc_hd__tt_025C_1v80 
sky130_fd_sc_hd__o21ai_0          108     540.518    sky130_fd_sc_hd__tt_025C_1v80 
sky130_fd_sc_hd__o21ai_1         1959    9804.403    sky130_fd_sc_hd__tt_025C_1v80 
sky130_fd_sc_hd__o21ai_2           64     560.538    sky130_fd_sc_hd__tt_025C_1v80 
sky130_fd_sc_hd__o21ba_1            1      10.010    sky130_fd_sc_hd__tt_025C_1v80 
sky130_fd_sc_hd__o21ba_2            1      10.010    sky130_fd_sc_hd__tt_025C_1v80 
sky130_fd_sc_hd__o21bai_1          25     187.680    sky130_fd_sc_hd__tt_025C_1v80 
sky130_fd_sc_hd__o221a_1           16     180.173    sky130_fd_sc_hd__tt_025C_1v80 
sky130_fd_sc_hd__o221a_2           16     180.173    sky130_fd_sc_hd__tt_025C_1v80 
sky130_fd_sc_hd__o221ai_1         341    2986.614    sky130_fd_sc_hd__tt_025C_1v80 
sky130_fd_sc_hd__o221ai_2           1      15.014    sky130_fd_sc_hd__tt_025C_1v80 
sky130_fd_sc_hd__o22a_1           101     884.598    sky130_fd_sc_hd__tt_025C_1v80 
sky130_fd_sc_hd__o22a_2             1      10.010    sky130_fd_sc_hd__tt_025C_1v80 
sky130_fd_sc_hd__o22ai_1         1854   11598.624    sky130_fd_sc_hd__tt_025C_1v80 
sky130_fd_sc_hd__o22ai_2            2      25.024    sky130_fd_sc_hd__tt_025C_1v80 
sky130_fd_sc_hd__o2bb2a_1           4      40.038    sky130_fd_sc_hd__tt_025C_1v80 
sky130_fd_sc_hd__o2bb2ai_1       1162   10177.261    sky130_fd_sc_hd__tt_025C_1v80 
sky130_fd_sc_hd__o2bb2ai_2         16     240.230    sky130_fd_sc_hd__tt_025C_1v80 
sky130_fd_sc_hd__o311ai_1           4      35.034    sky130_fd_sc_hd__tt_025C_1v80 
sky130_fd_sc_hd__o311ai_2           1      16.266    sky130_fd_sc_hd__tt_025C_1v80 
sky130_fd_sc_hd__o31a_1             3      26.275    sky130_fd_sc_hd__tt_025C_1v80 
sky130_fd_sc_hd__o31ai_1           17     127.622    sky130_fd_sc_hd__tt_025C_1v80 
sky130_fd_sc_hd__o32ai_1            9      78.826    sky130_fd_sc_hd__tt_025C_1v80 
sky130_fd_sc_hd__o41ai_1            2      17.517    sky130_fd_sc_hd__tt_025C_1v80 
sky130_fd_sc_hd__or2_0             32     200.192    sky130_fd_sc_hd__tt_025C_1v80 
sky130_fd_sc_hd__or2_1             32     200.192    sky130_fd_sc_hd__tt_025C_1v80 
sky130_fd_sc_hd__or2_2             12      75.072    sky130_fd_sc_hd__tt_025C_1v80 
sky130_fd_sc_hd__or2_4             16     140.134    sky130_fd_sc_hd__tt_025C_1v80 
sky130_fd_sc_hd__or2b_1             1       7.507    sky130_fd_sc_hd__tt_025C_1v80 
sky130_fd_sc_hd__or2b_4             6      67.565    sky130_fd_sc_hd__tt_025C_1v80 
sky130_fd_sc_hd__or3_1             24     150.144    sky130_fd_sc_hd__tt_025C_1v80 
sky130_fd_sc_hd__or3b_1             4      35.034    sky130_fd_sc_hd__tt_025C_1v80 
sky130_fd_sc_hd__or4_1              9      67.565    sky130_fd_sc_hd__tt_025C_1v80 
sky130_fd_sc_hd__or4b_1             1      10.010    sky130_fd_sc_hd__tt_025C_1v80 
sky130_fd_sc_hd__or4bb_1            5      56.304    sky130_fd_sc_hd__tt_025C_1v80 
sky130_fd_sc_hd__sdfrtp_1         144    4504.320    sky130_fd_sc_hd__tt_025C_1v80 
sky130_fd_sc_hd__xnor2_1          914    8005.178    sky130_fd_sc_hd__tt_025C_1v80 
sky130_fd_sc_hd__xnor2_2            5      81.328    sky130_fd_sc_hd__tt_025C_1v80 
sky130_fd_sc_hd__xnor3_1            6     135.130    sky130_fd_sc_hd__tt_025C_1v80 
sky130_fd_sc_hd__xor2_1          1030    9021.152    sky130_fd_sc_hd__tt_025C_1v80 
sky130_fd_sc_hd__xor2_2            11     178.922    sky130_fd_sc_hd__tt_025C_1v80 
sky130_fd_sc_hd__xor3_1             1      23.773    sky130_fd_sc_hd__tt_025C_1v80 
-----------------------------------------------------------------------------------
total                           33631  248158.003                                  


                                           
     Type      Instances    Area    Area % 
-------------------------------------------
sequential          2983  66429.962   26.8 
inverter            4094  16711.027    6.7 
buffer               314   1525.213    0.6 
logic              26240 163491.801   65.9 
physical_cells         0      0.000    0.0 
-------------------------------------------
total              33631 248158.003  100.0 

