============================================================
  Generated by:           Genus(TM) Synthesis Solution 19.14-s110_1
  Generated on:           Oct 20 2021  08:17:12 pm
  Module:                 top
  Technology library:     sky130_fd_sc_hd__tt_025C_1v80 1.0000000000
  Operating conditions:   tt_025C_1v80 (balanced_tree)
  Wireload mode:          top
  Area mode:              timing library
============================================================

             Pin                              Type              Fanout Load Slew Delay Arrival   
                                                                       (fF) (ps)  (ps)   (ps)    
-------------------------------------------------------------------------------------------------
(clock clk)                          launch                                                  0 R 
                                     latency                                      +250     250 R 
fma_inst/regm/out_reg[5]/CLK                                                 500           250 R 
fma_inst/regm/out_reg[5]/Q           sky130_fd_sc_hd__dfrtp_1        4 10.5   75  +510     760 F 
fma_inst/regm/out[5] 
fma_inst/mul/mode[1] 
fma_inst/mul/g65895/A                                                               +0     760   
fma_inst/mul/g65895/Y                sky130_fd_sc_hd__clkinv_2       1  8.8   44   +65     826 R 
fma_inst/mul/g65850/A                                                               +0     826   
fma_inst/mul/g65850/Y                sky130_fd_sc_hd__nand2_4        4 19.2   62   +59     884 F 
fma_inst/mul/g76221/A                                                               +0     884   
fma_inst/mul/g76221/Y                sky130_fd_sc_hd__inv_2          2 10.1   55   +71     956 R 
fma_inst/mul/g76220/A                                                               +0     956   
fma_inst/mul/g76220/Y                sky130_fd_sc_hd__inv_2          4 15.0   38   +53    1008 F 
fma_inst/mul/g76219/A                                                               +0    1008   
fma_inst/mul/g76219/Y                sky130_fd_sc_hd__inv_2          5 14.2   71   +74    1082 R 
fma_inst/mul/g76218/A                                                               +0    1082   
fma_inst/mul/g76218/Y                sky130_fd_sc_hd__inv_2          4 15.3   42   +58    1140 F 
fma_inst/mul/g76250/A                                                               +0    1140   
fma_inst/mul/g76250/Y                sky130_fd_sc_hd__nor2b_1        2  4.9  122  +129    1269 R 
fma_inst/mul/g75350/A                                                               +0    1269   
fma_inst/mul/g75350/Y                sky130_fd_sc_hd__nor2_1         1  2.2   38   +58    1328 F 
fma_inst/mul/g75120/B                                                               +0    1328   
fma_inst/mul/g75120/Y                sky130_fd_sc_hd__nand2_1        2  4.8   62   +70    1398 R 
fma_inst/mul/g75013/A                                                               +0    1398   
fma_inst/mul/g75013/Y                sky130_fd_sc_hd__nand2_1        1  4.3   48   +57    1455 F 
fma_inst/mul/g74881/A                                                               +0    1455   
fma_inst/mul/g74881/Y                sky130_fd_sc_hd__nand3_2        5 12.1   88   +84    1540 R 
fma_inst/mul/g109829/A                                                              +0    1540   
fma_inst/mul/g109829/X               sky130_fd_sc_hd__and2_4         5 14.6   63  +166    1706 R 
fma_inst/mul/g109693/A                                                              +0    1706   
fma_inst/mul/g109693/Y               sky130_fd_sc_hd__inv_2          6 13.3   37   +52    1758 F 
fma_inst/mul/g109059/A2                                                             +0    1758   
fma_inst/mul/g109059/Y               sky130_fd_sc_hd__o22ai_1        1  4.7  163  +163    1921 R 
fma_inst/mul/g108089/B                                                              +0    1921   
fma_inst/mul/g108089/Y               sky130_fd_sc_hd__nor2_2         1  8.4   50   +66    1986 F 
fma_inst/mul/g107975/B                                                              +0    1986   
fma_inst/mul/g107975/Y               sky130_fd_sc_hd__nand2_4        8 35.4  121  +121    2108 R 
fma_inst/mul/mul53/multiplicand[46] 
fma_inst/mul/mul53/fopt233523/A                                                     +0    2108   
fma_inst/mul/mul53/fopt233523/Y      sky130_fd_sc_hd__inv_4          9 26.7   51   +69    2177 F 
fma_inst/mul/mul53/fopt233538/A                                                     +0    2177   
fma_inst/mul/mul53/fopt233538/Y      sky130_fd_sc_hd__inv_4         13 31.5   92   +96    2272 R 
fma_inst/mul/mul53/g224178/A2                                                       +0    2272   
fma_inst/mul/mul53/g224178/Y         sky130_fd_sc_hd__o221ai_1       1  2.2   79  +109    2382 F 
fma_inst/mul/mul53/g223032/B1                                                       +0    2382   
fma_inst/mul/mul53/g223032/Y         sky130_fd_sc_hd__a21oi_1        3  9.4  234  +217    2598 R 
fma_inst/mul/mul53/g221330/A1                                                       +0    2598   
fma_inst/mul/mul53/g221330/X         sky130_fd_sc_hd__a21o_1         1  2.0   35  +140    2738 R 
fma_inst/mul/mul53/g220964/B1                                                       +0    2738   
fma_inst/mul/mul53/g220964/Y         sky130_fd_sc_hd__o21ai_1        1  2.8   62   +52    2790 F 
fma_inst/mul/mul53/g219549/B                                                        +0    2790   
fma_inst/mul/mul53/g219549/SUM       sky130_fd_sc_hd__ha_1           1  7.4   75  +301    3091 F 
fma_inst/mul/mul53/g218475/A                                                        +0    3091   
fma_inst/mul/mul53/g218475/COUT      sky130_fd_sc_hd__fa_2           1  5.9   70  +393    3484 F 
fma_inst/mul/mul53/g217802/B                                                        +0    3484   
fma_inst/mul/mul53/g217802/COUT      sky130_fd_sc_hd__fa_1           1  4.5   80  +402    3887 F 
fma_inst/mul/mul53/g217460/CIN                                                      +0    3887   
fma_inst/mul/mul53/g217460/COUT      sky130_fd_sc_hd__fa_1           1  4.5   80  +380    4267 F 
fma_inst/mul/mul53/g217231/CIN                                                      +0    4267   
fma_inst/mul/mul53/g217231/COUT      sky130_fd_sc_hd__fa_1           1  4.5   80  +380    4647 F 
fma_inst/mul/mul53/g217085/CIN                                                      +0    4647   
fma_inst/mul/mul53/g217085/SUM       sky130_fd_sc_hd__fa_1           1  2.4   52  +482    5128 R 
fma_inst/mul/mul53/p0[99] 
fma_inst/mul/g66302/A                                                               +0    5128   
fma_inst/mul/g66302/Y                sky130_fd_sc_hd__nand2_1        1  2.3  134   +44    5172 F 
fma_inst/mul/g66111/A                                                               +0    5172   
fma_inst/mul/g66111/Y                sky130_fd_sc_hd__nand2_1        1  2.0   69   +81    5254 R 
fma_inst/mul/p0[99] 
fma_inst/regs/in[368] 
fma_inst/regs/out_reg[368]/D    <<<  sky130_fd_sc_hd__dfrtp_1                       +0    5254   
fma_inst/regs/out_reg[368]/CLK       setup                                   500    -4    5250 R 
- - - - - - - - - - - - - - - - - - - - - - - - - - - - - - - - - - - - - - - - - - - - - - - - -
(clock clk)                          capture                                              5500 R 
                                     latency                                      +250    5750 R 
                                     uncertainty                                  -500    5250 R 
-------------------------------------------------------------------------------------------------
Cost Group   : 'clk' (path_group 'clk')
Timing slack :       0ps 
Start-point  : fma_inst/regm/out_reg[5]/CLK
End-point    : fma_inst/regs/out_reg[368]/D

