###############################################################
#  Generated by:      Cadence Innovus 20.10-p004_1
#  OS:                Linux x86_64(Host ID localhost.localdomain)
#  Generated on:      Fri Oct 22 19:36:05 2021
#  Design:            top
#  Command:           report_clocks >> ./postCTS/clocks.rpt
###############################################################
     +---------------------------------------------------------------------------+ 
     |                            Clock Descriptions                             | 
     |---------------------------------------------------------------------------| 
     |       |        |       |        |       |        |       Attributes       | 
     |-------+--------+-------+--------+-------+--------+------------------------| 
     | Clock | Source |  View | Period |  Lead |  Trail | Generated | Propagated | 
     |  Name |        |       |        |       |        |           |            | 
     |-------+--------+-------+--------+-------+--------+-----------+------------| 
     |  clk  |  clk   |  Slow | 20.000 | 0.000 | 10.000 |     n     |     y      | 
     +---------------------------------------------------------------------------+ 
###############################################################
#  Generated by:      Cadence Innovus 20.10-p004_1
#  OS:                Linux x86_64(Host ID localhost.localdomain)
#  Generated on:      Fri Oct 22 19:51:53 2021
#  Design:            top
#  Command:           report_clocks >> ./postCTS/clocks.rpt
###############################################################
     +---------------------------------------------------------------------------+ 
     |                            Clock Descriptions                             | 
     |---------------------------------------------------------------------------| 
     |       |        |       |        |       |        |       Attributes       | 
     |-------+--------+-------+--------+-------+--------+------------------------| 
     | Clock | Source |  View | Period |  Lead |  Trail | Generated | Propagated | 
     |  Name |        |       |        |       |        |           |            | 
     |-------+--------+-------+--------+-------+--------+-----------+------------| 
     |  clk  |  clk   |  Fast | 20.000 | 0.000 | 10.000 |     n     |     y      | 
     +---------------------------------------------------------------------------+ 
