###############################################################
#  Generated by:      Cadence Innovus 20.10-p004_1
#  OS:                Linux x86_64(Host ID localhost.localdomain)
#  Generated on:      Fri Oct 22 19:36:05 2021
#  Design:            top
#  Command:           report_timing -check_type hold >> ./postCTS/hold_report.rpt
###############################################################
Path 1: MET Hold Check with Pin fma_inst/regs/out_reg[104]/CLK 
Endpoint:   fma_inst/regs/out_reg[104]/D (^) checked with  leading edge of 'clk'
Beginpoint: fma_inst/regm1/out_reg[8]/Q  (^) triggered by  leading edge of 'clk'
Path Groups: {clk}
Analysis View: Fast
Other End Arrival Time          0.431
+ Hold                         -0.012
+ Phase Shift                   0.000
+ Uncertainty                   0.500
= Required Time                 0.920
  Arrival Time                  1.524
  Slack Time                    0.604
     Clock Rise Edge                 0.000
     + Clock Network Latency (Prop)  0.417
     = Beginpoint Arrival Time       0.417
     +-------------------------------------------------------------------------------------------------------+ 
     |            Instance            |     Arc      |           Cell           | Delay | Arrival | Required | 
     |                                |              |                          |       |  Time   |   Time   | 
     |--------------------------------+--------------+--------------------------+-------+---------+----------| 
     | fma_inst/regm1/out_reg[8]      | CLK ^        |                          |       |   0.417 |   -0.187 | 
     | fma_inst/regm1/out_reg[8]      | CLK ^ -> Q ^ | sky130_fd_sc_hd__dfrtp_1 | 0.302 |   0.719 |    0.115 | 
     | fma_inst/mul/g108782           | A2 ^ -> Y v  | sky130_fd_sc_hd__a22oi_1 | 0.073 |   0.792 |    0.188 | 
     | fma_inst/mul/g108150           | A v -> X v   | sky130_fd_sc_hd__and3_4  | 0.206 |   0.998 |    0.394 | 
     | fma_inst/mul/g107924           | B1 v -> Y ^  | sky130_fd_sc_hd__o22ai_2 | 0.171 |   1.169 |    0.565 | 
     | fma_inst/mul/g107726           | B ^ -> Y v   | sky130_fd_sc_hd__nor2_4  | 0.045 |   1.214 |    0.610 | 
     | fma_inst/mul/FE_OFC3805_n_2075 | A v -> Y ^   | sky130_fd_sc_hd__inv_2   | 0.079 |   1.292 |    0.688 | 
     | fma_inst/mul/g107446           | A1 ^ -> Y v  | sky130_fd_sc_hd__a21oi_4 | 0.046 |   1.338 |    0.734 | 
     | fma_inst/mul/g107069           | A v -> Y ^   | sky130_fd_sc_hd__nand2_4 | 0.083 |   1.421 |    0.817 | 
     | fma_inst/mul/g106616           | A1 ^ -> Y v  | sky130_fd_sc_hd__a21oi_2 | 0.048 |   1.469 |    0.865 | 
     | fma_inst/mul/g106161           | B v -> Y ^   | sky130_fd_sc_hd__nand2_2 | 0.054 |   1.524 |    0.920 | 
     | fma_inst/regs/out_reg[104]     | D ^          | sky130_fd_sc_hd__dfrtp_1 | 0.000 |   1.524 |    0.920 | 
     +-------------------------------------------------------------------------------------------------------+ 

###############################################################
#  Generated by:      Cadence Innovus 20.10-p004_1
#  OS:                Linux x86_64(Host ID localhost.localdomain)
#  Generated on:      Fri Oct 22 19:51:53 2021
#  Design:            top
#  Command:           report_timing -check_type hold >> ./postCTS/hold_report.rpt
###############################################################
Path 1: MET Hold Check with Pin fma_inst/regs/out_reg[104]/CLK 
Endpoint:   fma_inst/regs/out_reg[104]/D (^) checked with  leading edge of 'clk'
Beginpoint: fma_inst/regm1/out_reg[8]/Q  (^) triggered by  leading edge of 'clk'
Path Groups: {clk}
Analysis View: Fast
Other End Arrival Time          0.431
+ Hold                         -0.012
+ Phase Shift                   0.000
+ Uncertainty                   0.500
= Required Time                 0.920
  Arrival Time                  1.524
  Slack Time                    0.604
     Clock Rise Edge                 0.000
     + Clock Network Latency (Prop)  0.417
     = Beginpoint Arrival Time       0.417
     +-------------------------------------------------------------------------------------------------------+ 
     |            Instance            |     Arc      |           Cell           | Delay | Arrival | Required | 
     |                                |              |                          |       |  Time   |   Time   | 
     |--------------------------------+--------------+--------------------------+-------+---------+----------| 
     | fma_inst/regm1/out_reg[8]      | CLK ^        |                          |       |   0.417 |   -0.187 | 
     | fma_inst/regm1/out_reg[8]      | CLK ^ -> Q ^ | sky130_fd_sc_hd__dfrtp_1 | 0.302 |   0.719 |    0.115 | 
     | fma_inst/mul/g108782           | A2 ^ -> Y v  | sky130_fd_sc_hd__a22oi_1 | 0.073 |   0.792 |    0.188 | 
     | fma_inst/mul/g108150           | A v -> X v   | sky130_fd_sc_hd__and3_4  | 0.206 |   0.998 |    0.394 | 
     | fma_inst/mul/g107924           | B1 v -> Y ^  | sky130_fd_sc_hd__o22ai_2 | 0.171 |   1.169 |    0.565 | 
     | fma_inst/mul/g107726           | B ^ -> Y v   | sky130_fd_sc_hd__nor2_4  | 0.045 |   1.214 |    0.610 | 
     | fma_inst/mul/FE_OFC3805_n_2075 | A v -> Y ^   | sky130_fd_sc_hd__inv_2   | 0.079 |   1.292 |    0.688 | 
     | fma_inst/mul/g107446           | A1 ^ -> Y v  | sky130_fd_sc_hd__a21oi_4 | 0.046 |   1.338 |    0.734 | 
     | fma_inst/mul/g107069           | A v -> Y ^   | sky130_fd_sc_hd__nand2_4 | 0.083 |   1.421 |    0.817 | 
     | fma_inst/mul/g106616           | A1 ^ -> Y v  | sky130_fd_sc_hd__a21oi_2 | 0.048 |   1.469 |    0.865 | 
     | fma_inst/mul/g106161           | B v -> Y ^   | sky130_fd_sc_hd__nand2_2 | 0.054 |   1.524 |    0.920 | 
     | fma_inst/regs/out_reg[104]     | D ^          | sky130_fd_sc_hd__dfrtp_1 | 0.000 |   1.524 |    0.920 | 
     +-------------------------------------------------------------------------------------------------------+ 

