###############################################################
#  Generated by:      Cadence Innovus 20.10-p004_1
#  OS:                Linux x86_64(Host ID localhost.localdomain)
#  Generated on:      Fri Oct 22 19:35:27 2021
#  Design:            top
#  Command:           report_timing -check_type setup >> ./postCTS/setup_report.rpt
###############################################################
Path 1: MET Setup Check with Pin fma_inst/regs/out_reg[75]/CLK 
Endpoint:   fma_inst/regs/out_reg[75]/D   (v) checked with  leading edge of 
'clk'
Beginpoint: fma_inst/regm0/out_reg[138]/Q (v) triggered by  leading edge of 
'clk'
Path Groups: {clk}
Analysis View: Slow
Other End Arrival Time          0.870
- Setup                         0.434
+ Phase Shift                  20.000
- Uncertainty                   1.000
= Required Time                19.436
- Arrival Time                 16.060
= Slack Time                    3.376
     Clock Rise Edge                 0.000
     + Clock Network Latency (Prop)  0.932
     = Beginpoint Arrival Time       0.932
     +--------------------------------------------------------------------------------------------------------------+ 
     |               Instance               |     Arc      |           Cell            | Delay | Arrival | Required | 
     |                                      |              |                           |       |  Time   |   Time   | 
     |--------------------------------------+--------------+---------------------------+-------+---------+----------| 
     | fma_inst/regm0/out_reg[138]          | CLK ^        |                           |       |   0.932 |    4.308 | 
     | fma_inst/regm0/out_reg[138]          | CLK ^ -> Q v | sky130_fd_sc_hd__dfrtp_1  | 1.222 |   2.154 |    5.530 | 
     | fma_inst/mul/FE_OFC7733_m_a0_10      | A v -> Y ^   | sky130_fd_sc_hd__inv_1    | 0.246 |   2.400 |    5.776 | 
     | fma_inst/mul/FE_OFC7734_m_a0_10      | A ^ -> Y v   | sky130_fd_sc_hd__inv_1    | 0.502 |   2.902 |    6.278 | 
     | fma_inst/mul/g66529                  | B v -> Y ^   | sky130_fd_sc_hd__nor3_1   | 0.793 |   3.696 |    7.072 | 
     | fma_inst/mul/g66508                  | B ^ -> Y v   | sky130_fd_sc_hd__nand3_2  | 0.818 |   4.513 |    7.890 | 
     | fma_inst/mul/g66467                  | B v -> Y ^   | sky130_fd_sc_hd__nor3_2   | 1.239 |   5.752 |    9.128 | 
     | fma_inst/mul/FE_OFC8684_n_4340       | A ^ -> Y v   | sky130_fd_sc_hd__inv_1    | 0.407 |   6.160 |    9.536 | 
     | fma_inst/mul/g66448                  | A1 v -> Y ^  | sky130_fd_sc_hd__o22ai_1  | 0.473 |   6.632 |   10.008 | 
     | fma_inst/mul/g66064                  | B1 ^ -> X ^  | sky130_fd_sc_hd__a22o_1   | 0.804 |   7.436 |   10.812 | 
     | fma_inst/mul/se0/g12353              | A ^ -> Y v   | sky130_fd_sc_hd__nor2_4   | 0.352 |   7.788 |   11.164 | 
     | fma_inst/mul/se0/g12180              | A2 v -> Y ^  | sky130_fd_sc_hd__o21ai_2  | 0.642 |   8.430 |   11.806 | 
     | fma_inst/mul/se0/FE_OFC5494_n_181    | A ^ -> Y v   | sky130_fd_sc_hd__inv_4    | 0.446 |   8.876 |   12.252 | 
     | fma_inst/mul/se0/g11834              | B v -> Y ^   | sky130_fd_sc_hd__nand2_1  | 0.242 |   9.119 |   12.495 | 
     | fma_inst/mul/se0/FE_RC_12375_0       | A ^ -> Y v   | sky130_fd_sc_hd__inv_1    | 0.119 |   9.238 |   12.614 | 
     | fma_inst/mul/se0/FE_RC_12374_0       | B v -> Y ^   | sky130_fd_sc_hd__nand2b_1 | 0.160 |   9.398 |   12.774 | 
     | fma_inst/mul/se0/FE_RC_12373_0       | B ^ -> Y v   | sky130_fd_sc_hd__nand2_2  | 0.191 |   9.589 |   12.965 | 
     | fma_inst/mul/se0/FE_RC_1232_0        | B1 v -> Y ^  | sky130_fd_sc_hd__a21oi_2  | 0.289 |   9.878 |   13.254 | 
     | fma_inst/mul/se0/g11807              | B ^ -> Y v   | sky130_fd_sc_hd__nand2_2  | 0.262 |  10.139 |   13.515 | 
     | fma_inst/mul/se0/g11806              | A v -> Y ^   | sky130_fd_sc_hd__inv_4    | 0.181 |  10.320 |   13.696 | 
     | fma_inst/mul/se0/g11804              | A ^ -> Y v   | sky130_fd_sc_hd__nand2_8  | 0.197 |  10.517 |   13.893 | 
     | fma_inst/mul/se0/g12447              | A_N v -> Y v | sky130_fd_sc_hd__nand2b_1 | 0.563 |  11.080 |   14.456 | 
     | fma_inst/mul/FE_OFC1675_shftamt_0__2 | A v -> X v   | sky130_fd_sc_hd__buf_6    | 0.469 |  11.550 |   14.926 | 
     | fma_inst/mul/FE_PSC15608_n_158       | A v -> X v   | sky130_fd_sc_hd__clkbuf_2 | 0.364 |  11.913 |   15.289 | 
     | fma_inst/mul/g109847                 | A v -> Y ^   | sky130_fd_sc_hd__nand2_2  | 0.190 |  12.103 |   15.479 | 
     | fma_inst/mul/FE_OFC7343_n_404        | A ^ -> Y v   | sky130_fd_sc_hd__inv_4    | 0.204 |  12.307 |   15.683 | 
     | fma_inst/mul/FE_OFC4141_n_404        | A v -> Y ^   | sky130_fd_sc_hd__inv_6    | 0.421 |  12.728 |   16.104 | 
     | fma_inst/mul/FE_RC_20555_0           | B1 ^ -> Y v  | sky130_fd_sc_hd__o22ai_2  | 0.440 |  13.169 |   16.545 | 
     | fma_inst/mul/g106904                 | A v -> Y ^   | sky130_fd_sc_hd__nor2_4   | 0.736 |  13.904 |   17.280 | 
     | fma_inst/mul/FE_OCPC8086_n_2845      | A ^ -> X ^   | sky130_fd_sc_hd__buf_2    | 0.465 |  14.370 |   17.746 | 
     | fma_inst/mul/FE_RC_15385_0           | A2 ^ -> Y v  | sky130_fd_sc_hd__o21ai_2  | 0.160 |  14.529 |   17.905 | 
     | fma_inst/mul/FE_OFC6935_n_3022       | A v -> Y ^   | sky130_fd_sc_hd__clkinv_2 | 0.176 |  14.705 |   18.081 | 
     | fma_inst/mul/g106436                 | A2 ^ -> Y v  | sky130_fd_sc_hd__o22ai_2  | 0.240 |  14.945 |   18.321 | 
     | fma_inst/mul/g106285                 | B v -> Y ^   | sky130_fd_sc_hd__nor2_4   | 0.657 |  15.603 |   18.979 | 
     | fma_inst/mul/FE_RC_20575_0           | A ^ -> Y v   | sky130_fd_sc_hd__nand3_4  | 0.457 |  16.060 |   19.436 | 
     | fma_inst/regs/out_reg[75]            | D v          | sky130_fd_sc_hd__dfrtp_1  | 0.000 |  16.060 |   19.436 | 
     +--------------------------------------------------------------------------------------------------------------+ 

