###############################################################
#  Generated by:      Cadence Innovus 20.10-p004_1
#  OS:                Linux x86_64(Host ID localhost.localdomain)
#  Generated on:      Fri Oct 22 19:37:02 2021
#  Design:            top
#  Command:           report_constraint -all_violators >> ./postCTS/violations_report.rpt
###############################################################
# format : frame 1 : split 1

min_delay/hold
---------------------------
No paths found

Check type : min_transition
---------------------------
 No Violations found

Check type : min_capacitance
---------------------------
 No Violations found

Check type : min_fanout
---------------------------
 No Violations found
###############################################################
#  Generated by:      Cadence Innovus 20.10-p004_1
#  OS:                Linux x86_64(Host ID localhost.localdomain)
#  Generated on:      Fri Oct 22 19:52:22 2021
#  Design:            top
#  Command:           report_constraint -all_violators >> ./postCTS/violations_report.rpt
###############################################################
# format : frame 1 : split 1

min_delay/hold
---------------------------
No paths found

Check type : min_transition
---------------------------
 No Violations found

Check type : min_capacitance
---------------------------
 No Violations found

Check type : min_fanout
---------------------------
 No Violations found
